<?xml version="1.0" encoding="UTF-8"?>
<!-- Generated by org.testng.reporters.JUnitReportReporter -->
<testsuite hostname="KTP-RLT-KIT032" failures="0" tests="1" name="project.java.AppTest" time="16.019" errors="0" timestamp="2024-03-26T16:18:46 IST" skipped="0">
  <testcase classname="project.java.AppTest" name="login" time="16.019"/>
</testsuite> <!-- project.java.AppTest -->
